2025-06-14 14:13:23 | INFO | Raven started successfully
2025-06-14 14:24:04 | INFO | Raven started successfully
2025-06-14 14:30:12 | INFO | Raven started successfully
2025-06-14 14:30:15 | INFO | SIGNAL: Down (conf: 0.041) -> NO_TRADE
2025-06-14 14:30:15 | INFO | Trading cycle completed
2025-06-14 14:38:53 | INFO | Raven started successfully
2025-06-14 14:38:56 | INFO | SIGNAL: Down (conf: 0.041) -> NO_TRADE
2025-06-14 14:38:56 | INFO | Trading cycle completed
2025-06-14 14:40:57 | INFO | Raven stopped by user
2025-06-14 14:41:33 | INFO | Raven started successfully
2025-06-14 14:41:36 | INFO | SIGNAL: Down (conf: 0.041) -> NO_TRADE
2025-06-14 14:41:36 | INFO | Trading cycle completed
2025-06-14 15:00:37 | INFO | SIGNAL: Down (conf: 0.031) -> NO_TRADE
2025-06-14 15:00:37 | INFO | Trading cycle completed
2025-06-14 15:12:23 | INFO | Raven stopped by user
2025-06-14 18:59:16 | INFO | Raven started successfully
2025-06-14 18:59:19 | INFO | SIGNAL: Up (conf: 0.013) -> NO_TRADE
2025-06-14 18:59:19 | INFO | Trading cycle completed
2025-06-14 19:00:20 | INFO | SIGNAL: Up (conf: 0.039) -> NO_TRADE
2025-06-14 19:00:20 | INFO | Trading cycle completed
2025-06-14 19:10:47 | INFO | Raven stopped by user
2025-06-14 19:11:15 | INFO | Raven started successfully
2025-06-14 19:11:20 | INFO | SIGNAL: Up (conf: 0.010) -> NO_TRADE
2025-06-14 19:11:20 | INFO | Trading cycle completed
2025-06-14 19:29:12 | INFO | Raven stopped by user
2025-06-14 21:40:29 | INFO | Raven 2.0 Auto-Evolution started successfully
2025-06-14 21:40:31 | INFO | SIGNAL: Down (conf: 0.027) -> NO_TRADE
2025-06-14 21:40:31 | INFO | Trading cycle completed
